This is pdfTeX, Version 3.1415926-2.5-1.40.14 (MiKTeX 2.9) (preloaded format=pdflatex 2014.11.4)  24 FEB 2015 10:34
entering extended mode
**DynStall.tex

(C:\Dev\NREL_SVN\WT_Perf\branches\v4.x\Source\dependencies\UnsteadyAero\DynStal
l.tex
LaTeX2e <2011/06/27>
Babel <v3.8m> and hyphenation patterns for english, afrikaans, ancientgreek, ar
abic, armenian, assamese, basque, bengali, bokmal, bulgarian, catalan, coptic, 
croatian, czech, danish, dutch, esperanto, estonian, farsi, finnish, french, ga
lician, german, german-x-2013-05-26, greek, gujarati, hindi, hungarian, iceland
ic, indonesian, interlingua, irish, italian, kannada, kurmanji, latin, latvian,
 lithuanian, malayalam, marathi, mongolian, mongolianlmc, monogreek, ngerman, n
german-x-2013-05-26, nynorsk, oriya, panjabi, pinyin, polish, portuguese, roman
ian, russian, sanskrit, serbian, slovak, slovenian, spanish, swedish, swissgerm
an, tamil, telugu, turkish, turkmen, ukenglish, ukrainian, uppersorbian, usengl
ishmax, welsh, loaded.
(C:\MiKTeX\tex\latex\base\report.cls
Document Class: report 2007/10/19 v1.4h Standard LaTeX document class
(C:\MiKTeX\tex\latex\base\size10.clo
File: size10.clo 2007/10/19 v1.4h Standard LaTeX file (size option)
)
\c@part=\count79
\c@chapter=\count80
\c@section=\count81
\c@subsection=\count82
\c@subsubsection=\count83
\c@paragraph=\count84
\c@subparagraph=\count85
\c@figure=\count86
\c@table=\count87
\abovecaptionskip=\skip41
\belowcaptionskip=\skip42
\bibindent=\dimen102
) (C:\MiKTeX\tex\latex\base\inputenc.sty
Package: inputenc 2008/03/30 v1.1d Input encoding file
\inpenc@prehook=\toks14
\inpenc@posthook=\toks15

(C:\MiKTeX\tex\latex\base\latin1.def
File: latin1.def 2008/03/30 v1.1d Input encoding file
)) (C:\MiKTeX\tex\latex\amsmath\amsmath.sty
Package: amsmath 2013/01/14 v2.14 AMS math features
\@mathmargin=\skip43
For additional information on amsmath, use the `?' option.
(C:\MiKTeX\tex\latex\amsmath\amstext.sty
Package: amstext 2000/06/29 v2.01

(C:\MiKTeX\tex\latex\amsmath\amsgen.sty
File: amsgen.sty 1999/11/30 v2.0
\@emptytoks=\toks16
\ex@=\dimen103
))
(C:\MiKTeX\tex\latex\amsmath\amsbsy.sty
Package: amsbsy 1999/11/29 v1.2d
\pmbraise@=\dimen104
)
(C:\MiKTeX\tex\latex\amsmath\amsopn.sty
Package: amsopn 1999/12/14 v2.01 operator names
)
\inf@bad=\count88
LaTeX Info: Redefining \frac on input line 210.
\uproot@=\count89
\leftroot@=\count90
LaTeX Info: Redefining \overline on input line 306.
\classnum@=\count91
\DOTSCASE@=\count92
LaTeX Info: Redefining \ldots on input line 378.
LaTeX Info: Redefining \dots on input line 381.
LaTeX Info: Redefining \cdots on input line 466.
\Mathstrutbox@=\box26
\strutbox@=\box27
\big@size=\dimen105
LaTeX Font Info:    Redeclaring font encoding OML on input line 566.
LaTeX Font Info:    Redeclaring font encoding OMS on input line 567.
\macc@depth=\count93
\c@MaxMatrixCols=\count94
\dotsspace@=\muskip10
\c@parentequation=\count95
\dspbrk@lvl=\count96
\tag@help=\toks17
\row@=\count97
\column@=\count98
\maxfields@=\count99
\andhelp@=\toks18
\eqnshift@=\dimen106
\alignsep@=\dimen107
\tagshift@=\dimen108
\tagwidth@=\dimen109
\totwidth@=\dimen110
\lineht@=\dimen111
\@envbody=\toks19
\multlinegap=\skip44
\multlinetaggap=\skip45
\mathdisplay@stack=\toks20
LaTeX Info: Redefining \[ on input line 2665.
LaTeX Info: Redefining \] on input line 2666.
)
(C:\MiKTeX\tex\latex\amsfonts\amsfonts.sty
Package: amsfonts 2013/01/14 v3.01 Basic AMSFonts support
\symAMSa=\mathgroup4
\symAMSb=\mathgroup5
LaTeX Font Info:    Overwriting math alphabet `\mathfrak' in version `bold'
(Font)                  U/euf/m/n --> U/euf/b/n on input line 106.
)
(C:\MiKTeX\tex\latex\amsfonts\amssymb.sty
Package: amssymb 2013/01/14 v3.01 AMS font symbols
)
(C:\MiKTeX\tex\latex\graphics\graphicx.sty
Package: graphicx 1999/02/16 v1.0f Enhanced LaTeX Graphics (DPC,SPQR)

(C:\MiKTeX\tex\latex\graphics\keyval.sty
Package: keyval 1999/03/16 v1.13 key=value parser (DPC)
\KV@toks@=\toks21
)
(C:\MiKTeX\tex\latex\graphics\graphics.sty
Package: graphics 2009/02/05 v1.0o Standard LaTeX Graphics (DPC,SPQR)

(C:\MiKTeX\tex\latex\graphics\trig.sty
Package: trig 1999/03/16 v1.09 sin cos tan (DPC)
)
(C:\MiKTeX\tex\latex\00miktex\graphics.cfg
File: graphics.cfg 2007/01/18 v1.5 graphics configuration of teTeX/TeXLive
)
Package graphics Info: Driver file: pdftex.def on input line 91.

(C:\MiKTeX\tex\latex\pdftex-def\pdftex.def
File: pdftex.def 2011/05/27 v0.06d Graphics/color for pdfTeX

(C:\MiKTeX\tex\generic\oberdiek\infwarerr.sty
Package: infwarerr 2010/04/08 v1.3 Providing info/warning/error messages (HO)
)
(C:\MiKTeX\tex\generic\oberdiek\ltxcmds.sty
Package: ltxcmds 2011/11/09 v1.22 LaTeX kernel commands for general use (HO)
)
\Gread@gobject=\count100
))
\Gin@req@height=\dimen112
\Gin@req@width=\dimen113
)
(C:\MiKTeX\tex\latex\units\units.sty
Package: units 1998/08/04 v0.9b Typesetting units
 (C:\MiKTeX\tex\latex\base\ifthen.sty
Package: ifthen 2001/05/26 v1.1c Standard LaTeX ifthen package (DPC)
)
(C:\MiKTeX\tex\latex\units\nicefrac.sty
Package: nicefrac 1998/08/04 v0.9b Nice fractions
\L@UnitsRaiseDisplaystyle=\skip46
\L@UnitsRaiseTextstyle=\skip47
\L@UnitsRaiseScriptstyle=\skip48
))
(C:\MiKTeX\tex\latex\glossaries\base\glossaries.sty
Package: glossaries 2014/09/01 v4.11 (NLCT)

(C:\MiKTeX\tex\latex\xkeyval\xkeyval.sty
Package: xkeyval 2012/10/14 v2.6b package option processing (HA)

(C:\MiKTeX\tex\generic\xkeyval\xkeyval.tex
\XKV@toks=\toks22
\XKV@tempa@toks=\toks23
\XKV@depth=\count101
File: xkeyval.tex 2012/10/14 v2.6b key=value parser (HA)
))
(C:\MiKTeX\tex\latex\glossaries\base\mfirstuc.sty
Package: mfirstuc 2014/07/30 v1.09 (NLCT)

(C:\MiKTeX\tex\latex\etoolbox\etoolbox.sty
Package: etoolbox 2011/01/03 v2.1 e-TeX tools for LaTeX
 (C:\MiKTeX\tex\latex\misc\etex.sty
Package: etex 1998/03/26 v2.0 eTeX basic definition package (PEB)
\et@xins=\count102
)
\etb@tempcnta=\count103
)
\@glsmfirst=\toks24
\@glsmrest=\toks25
) (C:\MiKTeX\tex\latex\textcase\textcase.sty
Package: textcase 2004/10/07 v0.07 Text only upper/lower case changing (DPC)
)
(C:\MiKTeX\tex\latex\xfor\xfor.sty
Package: xfor 2009/02/05 v1.05 (NLCT)
)
(C:\MiKTeX\tex\latex\datatool\datatool-base.sty
Package: datatool-base 2014/06/10 v2.22 (NLCT)

(C:\MiKTeX\tex\latex\substr\substr.sty
Package: substr 2009/10/20 v1.2 Handle substrings
\c@su@anzahl=\count104
)
(C:\MiKTeX\tex\latex\datatool\datatool-fp.sty
Package: datatool-fp 2013/08/29 v2.17 (NLCT)
 (C:\MiKTeX\tex\latex\fp\fp.sty
Package: fp 1995/04/02

`Fixed Point Package', Version 0.8, April 2, 1995 (C) Michael Mehlich
(C:\MiKTeX\tex\latex\fp\defpattern.sty
Package: defpattern 1994/10/12
\actioncount=\count105
) (C:\MiKTeX\tex\latex\fp\fp-basic.sty
Package: fp-basic 1996/05/13
\FP@xs=\count106
\FP@xia=\count107
\FP@xib=\count108
\FP@xfa=\count109
\FP@xfb=\count110
\FP@rega=\count111
\FP@regb=\count112
\FP@regs=\count113
\FP@times=\count114
)
(C:\MiKTeX\tex\latex\fp\fp-addons.sty
Package: fp-addons 1995/03/15
) (C:\MiKTeX\tex\latex\fp\fp-snap.sty
Package: fp-snap 1995/04/05
)
(C:\MiKTeX\tex\latex\fp\fp-exp.sty
Package: fp-exp 1995/04/03
) (C:\MiKTeX\tex\latex\fp\fp-trigo.sty
Package: fp-trigo 1995/04/14
)
(C:\MiKTeX\tex\latex\fp\fp-pas.sty
Package: fp-pas 1994/08/29
) (C:\MiKTeX\tex\latex\fp\fp-random.sty
Package: fp-random 1995/02/23
\FPseed=\count115
)
(C:\MiKTeX\tex\latex\fp\fp-eqn.sty
Package: fp-eqn 1995/04/03
) (C:\MiKTeX\tex\latex\fp\fp-upn.sty
Package: fp-upn 1996/10/21
)
(C:\MiKTeX\tex\latex\fp\fp-eval.sty
Package: fp-eval 1995/04/03
)))
\@dtl@toks=\toks26
\@dtl@tmpcount=\count116
\dtl@tmplength=\skip49
\dtl@sortresult=\count117
\@dtl@numgrpsepcount=\count118
\@dtl@datatype=\count119
\dtl@codeA=\count120
\dtl@codeB=\count121
\@dtl@foreach@level=\count122
)
(C:\MiKTeX\tex\latex\glossaries\base\glossaries-compatible-307.sty
Package: glossaries-compatible-307 2013/11/14 v4.0 (NLCT)
)
\gls@level=\count123
\@gls@tmpb=\toks27
\gls@tmplen=\skip50
\glskeylisttok=\toks28
\glslabeltok=\toks29
\glsshorttok=\toks30
\glslongtok=\toks31

(C:\MiKTeX\tex\latex\glossaries\styles\glossary-hypernav.sty
Package: glossary-hypernav 2013/11/14 v4.0 (NLCT)
)
(C:\MiKTeX\tex\latex\glossaries\styles\glossary-list.sty
Package: glossary-list 2013/11/14 v4.0 (NLCT)
\glslistdottedwidth=\skip51
)
(C:\MiKTeX\tex\latex\glossaries\styles\glossary-long.sty
Package: glossary-long 2013/11/14 v4.0 (NLCT)

(C:\MiKTeX\tex\latex\tools\longtable.sty
Package: longtable 2004/02/01 v4.11 Multi-page Table package (DPC)
\LTleft=\skip52
\LTright=\skip53
\LTpre=\skip54
\LTpost=\skip55
\LTchunksize=\count124
\LTcapwidth=\dimen114
\LT@head=\box28
\LT@firsthead=\box29
\LT@foot=\box30
\LT@lastfoot=\box31
\LT@cols=\count125
\LT@rows=\count126
\c@LT@tables=\count127
\c@LT@chunks=\count128
\LT@p@ftn=\toks32
)
\glsdescwidth=\skip56
\glspagelistwidth=\skip57
)
(C:\MiKTeX\tex\latex\glossaries\styles\glossary-super.sty
Package: glossary-super 2013/11/14 v4.0 (NLCT)

(C:\MiKTeX\tex\latex\supertabular\supertabular.sty
Package: supertabular 2004/02/20 v4.1e the supertabular environment
\c@tracingst=\count129
\ST@wd=\dimen115
\ST@rightskip=\skip58
\ST@leftskip=\skip59
\ST@parfillskip=\skip60
\ST@pageleft=\dimen116
\ST@headht=\dimen117
\ST@tailht=\dimen118
\ST@pagesofar=\dimen119
\ST@pboxht=\dimen120
\ST@lineht=\dimen121
\ST@stretchht=\dimen122
\ST@prevht=\dimen123
\ST@toadd=\dimen124
\ST@dimen=\dimen125
\ST@pbox=\box32
))
(C:\MiKTeX\tex\latex\glossaries\styles\glossary-tree.sty
Package: glossary-tree 2014/08/27 v4.10 (NLCT)
\glstreeindent=\skip61
))
(C:\MiKTeX\tex\latex\hyperref\hyperref.sty
Package: hyperref 2012/11/06 v6.83m Hypertext links for LaTeX

(C:\MiKTeX\tex\generic\oberdiek\hobsub-hyperref.sty
Package: hobsub-hyperref 2012/04/25 v1.12 Bundle oberdiek, subset hyperref (HO)


(C:\MiKTeX\tex\generic\oberdiek\hobsub-generic.sty
Package: hobsub-generic 2012/04/25 v1.12 Bundle oberdiek, subset generic (HO)
Package: hobsub 2012/04/25 v1.12 Construct package bundles (HO)
Package hobsub Info: Skipping package `infwarerr' (already loaded).
Package hobsub Info: Skipping package `ltxcmds' (already loaded).
Package: ifluatex 2010/03/01 v1.3 Provides the ifluatex switch (HO)
Package ifluatex Info: LuaTeX not detected.
Package: ifvtex 2010/03/01 v1.5 Detect VTeX and its facilities (HO)
Package ifvtex Info: VTeX not detected.
Package: intcalc 2007/09/27 v1.1 Expandable calculations with integers (HO)
Package: ifpdf 2011/01/30 v2.3 Provides the ifpdf switch (HO)
Package ifpdf Info: pdfTeX in PDF mode is detected.
Package: etexcmds 2011/02/16 v1.5 Avoid name clashes with e-TeX commands (HO)
Package etexcmds Info: Could not find \expanded.
(etexcmds)             That can mean that you are not using pdfTeX 1.50 or
(etexcmds)             that some package has redefined \expanded.
(etexcmds)             In the latter case, load this package earlier.
Package: kvsetkeys 2012/04/25 v1.16 Key value parser (HO)
Package: kvdefinekeys 2011/04/07 v1.3 Define keys (HO)
Package: pdftexcmds 2011/11/29 v0.20 Utility functions of pdfTeX for LuaTeX (HO
)
Package pdftexcmds Info: LuaTeX not detected.
Package pdftexcmds Info: \pdf@primitive is available.
Package pdftexcmds Info: \pdf@ifprimitive is available.
Package pdftexcmds Info: \pdfdraftmode found.
Package: pdfescape 2011/11/25 v1.13 Implements pdfTeX's escape features (HO)
Package: bigintcalc 2012/04/08 v1.3 Expandable calculations on big integers (HO
)
Package: bitset 2011/01/30 v1.1 Handle bit-vector datatype (HO)
Package: uniquecounter 2011/01/30 v1.2 Provide unlimited unique counter (HO)
)
Package hobsub Info: Skipping package `hobsub' (already loaded).
Package: letltxmacro 2010/09/02 v1.4 Let assignment for LaTeX macros (HO)
Package: hopatch 2011/06/24 v1.1 Wrapper for package hooks (HO)
Package: xcolor-patch 2011/01/30 xcolor patch
Package: atveryend 2011/06/30 v1.8 Hooks at the very end of document (HO)
Package: atbegshi 2011/10/05 v1.16 At begin shipout hook (HO)
Package: refcount 2011/10/16 v3.4 Data extraction from label references (HO)
Package: hycolor 2011/01/30 v1.7 Color options for hyperref/bookmark (HO)
)
(C:\MiKTeX\tex\generic\ifxetex\ifxetex.sty
Package: ifxetex 2010/09/12 v0.6 Provides ifxetex conditional
)
(C:\MiKTeX\tex\latex\oberdiek\auxhook.sty
Package: auxhook 2011/03/04 v1.3 Hooks for auxiliary files (HO)
)
(C:\MiKTeX\tex\latex\oberdiek\kvoptions.sty
Package: kvoptions 2011/06/30 v3.11 Key value format for package options (HO)
)
\@linkdim=\dimen126
\Hy@linkcounter=\count130
\Hy@pagecounter=\count131

(C:\MiKTeX\tex\latex\hyperref\pd1enc.def
File: pd1enc.def 2012/11/06 v6.83m Hyperref: PDFDocEncoding definition (HO)
)
\Hy@SavedSpaceFactor=\count132

(C:\MiKTeX\tex\latex\00miktex\hyperref.cfg
File: hyperref.cfg 2002/06/06 v1.2 hyperref configuration of TeXLive
)
Package hyperref Info: Hyper figures OFF on input line 4443.
Package hyperref Info: Link nesting OFF on input line 4448.
Package hyperref Info: Hyper index ON on input line 4451.
Package hyperref Info: Plain pages OFF on input line 4458.
Package hyperref Info: Backreferencing OFF on input line 4463.
Package hyperref Info: Implicit mode ON; LaTeX internals redefined.
Package hyperref Info: Bookmarks ON on input line 4688.
\c@Hy@tempcnt=\count133
 (C:\MiKTeX\tex\latex\url\url.sty
\Urlmuskip=\muskip11
Package: url 2013/09/16  ver 3.4  Verb mode for urls, etc.
)
LaTeX Info: Redefining \url on input line 5041.
\XeTeXLinkMargin=\dimen127
\Fld@menulength=\count134
\Field@Width=\dimen128
\Fld@charsize=\dimen129
Package hyperref Info: Hyper figures OFF on input line 6295.
Package hyperref Info: Link nesting OFF on input line 6300.
Package hyperref Info: Hyper index ON on input line 6303.
Package hyperref Info: backreferencing OFF on input line 6310.
Package hyperref Info: Link coloring OFF on input line 6315.
Package hyperref Info: Link coloring with OCG OFF on input line 6320.
Package hyperref Info: PDF/A mode OFF on input line 6325.
LaTeX Info: Redefining \ref on input line 6365.
LaTeX Info: Redefining \pageref on input line 6369.
\Hy@abspage=\count135
\c@Item=\count136
\c@Hfootnote=\count137
)

Package hyperref Message: Driver (autodetected): hpdftex.

(C:\MiKTeX\tex\latex\hyperref\hpdftex.def
File: hpdftex.def 2012/11/06 v6.83m Hyperref driver for pdfTeX
\Fld@listcount=\count138
\c@bookmark@seq@number=\count139

(C:\MiKTeX\tex\latex\oberdiek\rerunfilecheck.sty
Package: rerunfilecheck 2011/04/15 v1.7 Rerun checks for auxiliary files (HO)
Package uniquecounter Info: New unique counter `rerunfilecheck' on input line 2
82.
)
\Hy@SectionHShift=\skip62
)
(C:\MiKTeX\tex\latex\natbib\natbib.sty
Package: natbib 2010/09/13 8.31b (PWD, AO)
\bibhang=\skip63
\bibsep=\skip64
LaTeX Info: Redefining \cite on input line 694.
\c@NAT@ctr=\count140
)
\glswrite=\write3
\glo@acronym@file=\write4
Package glossaries Info: Writing glossary file DynStall.acn on input line 33.
\glo@symbolslist@file=\write5
Package glossaries Info: Writing glossary file DynStall.syo on input line 33.
\glo@greek@file=\write6
Package glossaries Info: Writing glossary file DynStall.klo on input line 33.

(C:\MiKTeX\tex\latex\glossaries\styles\glossary-mcols.sty
Package: glossary-mcols 2013/11/14 v4.0 (NLCT)

(C:\MiKTeX\tex\latex\tools\multicol.sty
Package: multicol 2011/06/27 v1.7a multicolumn formatting (FMi)
\c@tracingmulticols=\count141
\mult@box=\box33
\multicol@leftmargin=\dimen130
\c@unbalance=\count142
\c@collectmore=\count143
\doublecol@number=\count144
\multicoltolerance=\count145
\multicolpretolerance=\count146
\full@width=\dimen131
\page@free=\dimen132
\premulticols=\dimen133
\postmulticols=\dimen134
\multicolsep=\skip65
\multicolbaselineskip=\skip66
\partial@page=\box34
\last@line=\box35
\mult@rightbox=\box36
\mult@grightbox=\box37
\mult@gfirstbox=\box38
\mult@firstbox=\box39
\@tempa=\box40
\@tempa=\box41
\@tempa=\box42
\@tempa=\box43
\@tempa=\box44
\@tempa=\box45
\@tempa=\box46
\@tempa=\box47
\@tempa=\box48
\@tempa=\box49
\@tempa=\box50
\@tempa=\box51
\@tempa=\box52
\@tempa=\box53
\@tempa=\box54
\@tempa=\box55
\@tempa=\box56
\c@columnbadness=\count147
\c@finalcolumnbadness=\count148
\last@try=\dimen135
\multicolovershoot=\dimen136
\multicolundershoot=\dimen137
\mult@nat@firstbox=\box57
\colbreak@box=\box58
\multicol@sort@counter=\count149
))
(C:\Dev\NREL_SVN\WT_Perf\branches\v4.x\Source\dependencies\UnsteadyAero\glossar
y.tex)
(C:\Dev\NREL_SVN\WT_Perf\branches\v4.x\Source\dependencies\UnsteadyAero\DynStal
l.aux)
LaTeX Font Info:    Checking defaults for OML/cmm/m/it on input line 56.
LaTeX Font Info:    ... okay on input line 56.
LaTeX Font Info:    Checking defaults for T1/cmr/m/n on input line 56.
LaTeX Font Info:    ... okay on input line 56.
LaTeX Font Info:    Checking defaults for OT1/cmr/m/n on input line 56.
LaTeX Font Info:    ... okay on input line 56.
LaTeX Font Info:    Checking defaults for OMS/cmsy/m/n on input line 56.
LaTeX Font Info:    ... okay on input line 56.
LaTeX Font Info:    Checking defaults for OMX/cmex/m/n on input line 56.
LaTeX Font Info:    ... okay on input line 56.
LaTeX Font Info:    Checking defaults for U/cmr/m/n on input line 56.
LaTeX Font Info:    ... okay on input line 56.
LaTeX Font Info:    Checking defaults for PD1/pdf/m/n on input line 56.
LaTeX Font Info:    ... okay on input line 56.
 (C:\MiKTeX\tex\context\base\supp-pdf.mkii
[Loading MPS to PDF converter (version 2006.09.02).]
\scratchcounter=\count150
\scratchdimen=\dimen138
\scratchbox=\box59
\nofMPsegments=\count151
\nofMParguments=\count152
\everyMPshowfont=\toks33
\MPscratchCnt=\count153
\MPscratchDim=\dimen139
\MPnumerator=\count154
\makeMPintoPDFobject=\count155
\everyMPtoPDFconversion=\toks34
)
\AtBeginShipoutBox=\box60
Package hyperref Info: Link coloring OFF on input line 56.
 (C:\MiKTeX\tex\latex\hyperref\nameref.sty
Package: nameref 2012/10/27 v2.43 Cross-referencing by name of section

(C:\MiKTeX\tex\generic\oberdiek\gettitlestring.sty
Package: gettitlestring 2010/12/03 v1.4 Cleanup title references (HO)
)
\c@section@level=\count156
)
LaTeX Info: Redefining \ref on input line 56.
LaTeX Info: Redefining \pageref on input line 56.
LaTeX Info: Redefining \nameref on input line 56.

(C:\Dev\NREL_SVN\WT_Perf\branches\v4.x\Source\dependencies\UnsteadyAero\DynStal
l.out)
(C:\Dev\NREL_SVN\WT_Perf\branches\v4.x\Source\dependencies\UnsteadyAero\DynStal
l.out)
\@outlinefile=\write7
LaTeX Font Info:    Try loading font information for U+msa on input line 58.
 (C:\MiKTeX\tex\latex\amsfonts\umsa.fd
File: umsa.fd 2013/01/14 v3.01 AMS symbols A
)
LaTeX Font Info:    Try loading font information for U+msb on input line 58.

(C:\MiKTeX\tex\latex\amsfonts\umsb.fd
File: umsb.fd 2013/01/14 v3.01 AMS symbols B
) [1

{C:/Users/ghayman/AppData/Local/MiKTeX/2.9/pdftex/config/pdftex.map}]

Package natbib Warning: Citation `jonkman2013' on page 1 undefined on input lin
e 60.

pdfTeX warning (ext4): destination with the same identifier (name{page.1}) has 
been already used, duplicate ignored
<to be read again> 
                   \relax 
l.62 	\end{abstract}
                     [1]
No file DynStall.acr.
No file DynStall.syi.
No file DynStall.kls.
[2]
Chapter 1.

Package natbib Warning: Citation `leishman1986' on page 3 undefined on input li
ne 80.


Package natbib Warning: Citation `leishman1989' on page 3 undefined on input li
ne 80.


Package natbib Warning: Citation `pierce1995' on page 3 undefined on input line
 80.


Package natbib Warning: Citation `pierce1996' on page 3 undefined on input line
 80.


Package natbib Warning: Citation `leishman2011' on page 3 undefined on input li
ne 80.


Package natbib Warning: Citation `damiani2011' on page 3 undefined on input lin
e 80.


Package natbib Warning: Citation `leishman2011' on page 3 undefined on input li
ne 82.


! LaTeX Error: File `./PICS/dstall01' not found.

See the LaTeX manual or LaTeX Companion for explanation.
Type  H <return>  for immediate help.
 ...                                              
                                                  
l.99 ...hics[width=0.7\linewidth]{./PICS/dstall01}
                                                  
I could not locate the file with any of these extensions:
.png,.pdf,.jpg,.mps,.jpeg,.jbig2,.jb2,.PNG,.PDF,.JPG,.JPEG,.JBIG2,.JB2
Try typing  <return>  to proceed.
If that doesn't work, type  X <return>  to quit.


Package natbib Warning: Citation `leishman2006' on page 3 undefined on input li
ne 100.


! LaTeX Error: File `PICS/dstall02' not found.

See the LaTeX manual or LaTeX Companion for explanation.
Type  H <return>  for immediate help.
 ...                                              
                                                  
l.104 ...phics[width=0.7\linewidth]{PICS/dstall02}
                                                  
I could not locate the file with any of these extensions:
.png,.pdf,.jpg,.mps,.jpeg,.jbig2,.jb2,.PNG,.PDF,.JPG,.JPEG,.JBIG2,.JB2
Try typing  <return>  to proceed.
If that doesn't work, type  X <return>  to quit.


Package natbib Warning: Citation `leishman2006' on page 3 undefined on input li
ne 105.


Package natbib Warning: Citation `leishman2006' on page 3 undefined on input li
ne 105.

[3

]

! LaTeX Error: File `PICS/ds_refsystem' not found.

See the LaTeX manual or LaTeX Companion for explanation.
Type  H <return>  for immediate help.
 ...                                              
                                                  
l.113 ...s[width=0.7\linewidth]{PICS/ds_refsystem}
                                                  
I could not locate the file with any of these extensions:
.png,.pdf,.jpg,.mps,.jpeg,.jbig2,.jb2,.PNG,.PDF,.JPG,.JPEG,.JBIG2,.JB2
Try typing  <return>  to proceed.
If that doesn't work, type  X <return>  to quit.


Package natbib Warning: Citation `damiani2011' on page 4 undefined on input lin
e 114.


Package natbib Warning: Citation `damiani2011' on page 4 undefined on input lin
e 114.


Package natbib Warning: Citation `pierce1996' on page 4 undefined on input line
 131.


Package natbib Warning: Citation `gupta2006' on page 4 undefined on input line 
131.


Overfull \hbox (19.59625pt too wide) in paragraph at lines 143--143
[]\OT1/cmr/bx/n/14.4 Unsteady At-tached Flow and Its In-di-cial Treat-
 []


Package natbib Warning: Citation `leishman2006' on page 4 undefined on input li
ne 144.

[4] [5]

Package natbib Warning: Citation `leishman1989' on page 6 undefined on input li
ne 192.


Package natbib Warning: Citation `johansen1999' on page 6 undefined on input li
ne 192.


Package natbib Warning: Citation `lomax1952' on page 6 undefined on input line 
207.


Package natbib Warning: Citation `leishman2011' on page 6 undefined on input li
ne 207.


Overfull \hbox (50.92358pt too wide) detected at line 228
[][]
 []


Package natbib Warning: Citation `leishman2011' on page 6 undefined on input li
ne 230.


Overfull \hbox (0.36174pt too wide) in paragraph at lines 234--235
[]\OT1/cmr/m/n/10 For the cir-cu-la-tory com-po-nent of the aero-dy-namic force
 re-sponse, the lumped
 []


Overfull \hbox (38.5129pt too wide) detected at line 245
[][]\OML/cmm/m/it/10 C[]\OT1/cmr/m/n/10 (\OML/cmm/m/it/10 s; M\OT1/cmr/m/n/10 )
 =[] \OML/cmm/m/it/10 C[]\OT1/cmr/m/n/10 (\OML/cmm/m/it/10 s; M\OT1/cmr/m/n/10 
) [] =[] \OML/cmm/m/it/10 C[]\OT1/cmr/m/n/10 (\OML/cmm/m/it/10 s; M\OT1/cmr/m/n
/10 )[]\OML/cmm/m/it/10 []
 []

[6]
Overfull \hbox (9.23586pt too wide) in paragraph at lines 268--269
[]\OT1/cmr/m/n/10 Similarly to the above de-vel-op-ment, the cir-cu-la-tory con
-tri-bu-tion to []$\OML/cmm/m/it/10 C[]\OT1/cmr/m/n/10 (\OML/cmm/m/it/10 s; M\O
T1/cmr/m/n/10 )$
 []


Overfull \hbox (3.9702pt too wide) in paragraph at lines 281--284
\OT1/cmr/m/n/10 Now, us-ing Duhamel's in-te-gral [] on the non-circulatory com-
po-nent []$\OML/cmm/m/it/10 C[]\OT1/cmr/m/n/10 (\OML/cmm/m/it/10 s; M\OT1/cmr/m
/n/10 )$
 []

[7]
Overfull \hbox (67.40997pt too wide) detected at line 318
[][]\OML/cmm/m/it/10 C[] \OT1/cmr/m/n/10 =[] \OML/cmm/m/it/10 C[]\OT1/cmr/m/n/1
0 (\OML/cmm/m/it/10 s; M\OT1/cmr/m/n/10 ) +[] \OML/cmm/m/it/10 C[]\OT1/cmr/m/n/
10 (\OML/cmm/m/it/10 s; M\OT1/cmr/m/n/10 ) =[] \OML/cmm/m/it/10 C[]\OT1/cmr/m/n
/10 (\OML/cmm/m/it/10 s; M\OT1/cmr/m/n/10 )[]\OML/cmm/m/it/10 [] \OT1/cmr/m/n/
10 + [] [] + [] []
 []


Package natbib Warning: Citation `johansen1999' on page 8 undefined on input li
ne 320.


Package natbib Warning: Citation `leishman1986' on page 8 undefined on input li
ne 331.


Package natbib Warning: Citation `johansen1999' on page 8 undefined on input li
ne 331.


Package natbib Warning: Citation `leishman2006' on page 8 undefined on input li
ne 343.


Overfull \hbox (20.06482pt too wide) detected at line 360
[][]
 []


Underfull \vbox (badness 2951) has occurred while \output is active []

 [8]

Package natbib Warning: Citation `leishman2006' on page 9 undefined on input li
ne 362.


Package natbib Warning: Citation `damiani2011' on page 9 undefined on input lin
e 377.


Package natbib Warning: Citation `leishman2006' on page 9 undefined on input li
ne 377.


Package natbib Warning: Citation `johansen1999' on page 9 undefined on input li
ne 377.


Package natbib Warning: Citation `minnema1998' on page 9 undefined on input lin
e 377.


Package natbib Warning: Citation `leishman2011' on page 9 undefined on input li
ne 385.


Package hyperref Warning: Token not allowed in a PDF string (PDFDocEncoding):
(hyperref)                removing `\glstext' on input line 394.


Package natbib Warning: Citation `leishman2006' on page 9 undefined on input li
ne 395.

[9]

Package natbib Warning: Citation `leishman2011' on page 10 undefined on input l
ine 409.


Package natbib Warning: Citation `johansen1999' on page 10 undefined on input l
ine 441.

[10]
Overfull \hbox (43.42508pt too wide) detected at line 465
[][]\OML/cmm/m/it/10 C[] \OT1/cmr/m/n/10 =[] \OML/cmm/m/it/10 C[]\OT1/cmr/m/n/1
0 (\OML/cmm/m/it/10 s; M\OT1/cmr/m/n/10 ) +[] \OML/cmm/m/it/10 C[]\OT1/cmr/m/n/
10 (\OML/cmm/m/it/10 s; M\OT1/cmr/m/n/10 ) [][] =[] \OML/cmm/m/it/10 C[]\OT1/cm
r/m/n/10 (\OML/cmm/m/it/10 s; M\OT1/cmr/m/n/10 ) +[] \OML/cmm/m/it/10 C[]\OT1/c
mr/m/n/10 (\OML/cmm/m/it/10 s; M\OT1/cmr/m/n/10 )[]\OML/cmm/m/it/10 [] [][]
 []


Package natbib Warning: Citation `gonzalez2014' on page 11 undefined on input l
ine 467.


Package natbib Warning: Citation `sheng2007' on page 11 undefined on input line
 467.


Package natbib Warning: Citation `gonzalez2014' on page 11 undefined on input l
ine 481.


Package natbib Warning: Citation `leishman2011' on page 11 undefined on input l
ine 490.

[11]

Package natbib Warning: Citation `leishman2011' on page 12 undefined on input l
ine 496.


Package natbib Warning: Citation `minnema1998' on page 12 undefined on input li
ne 504.


Package natbib Warning: Citation `gonzalez2014' on page 12 undefined on input l
ine 519.


Package natbib Warning: Citation `minnema1998' on page 12 undefined on input li
ne 524.


Package natbib Warning: Citation `gonzalez2014' on page 12 undefined on input l
ine 524.


Package natbib Warning: Citation `gonzalez2014' on page 12 undefined on input l
ine 524.


Overfull \hbox (11.11183pt too wide) in paragraph at lines 524--526
\OT1/cmr/m/n/10 mul-ti-pli-ers for []$\OML/cmm/m/it/10 T[]$ \OT1/cmr/m/n/10 de-
pend-ing on the state of the air-foil aero-dy-nam-ics (e.g.,increasing
 []

[12]

Package natbib Warning: Citation `leishman2011' on page 13 undefined on input l
ine 536.


Package natbib Warning: Citation `gonzalez2014' on page 13 undefined on input l
ine 553.


Package natbib Warning: Citation `gonzalez2014' on page 13 undefined on input l
ine 571.

[13]

Package natbib Warning: Citation `pierce1996' on page 14 undefined on input lin
e 581.


Package natbib Warning: Citation `gonzalez2014' on page 14 undefined on input l
ine 586.


Package natbib Warning: Citation `leishman1989' on page 14 undefined on input l
ine 588.


Package natbib Warning: Citation `leishman2011' on page 14 undefined on input l
ine 601.


Package natbib Warning: Citation `minnema1998' on page 14 undefined on input li
ne 614.


Package natbib Warning: Citation `gonzalez2014' on page 14 undefined on input l
ine 618.

[14]
Chapter 2.
LaTeX Font Info:    Try loading font information for OMS+cmr on input line 630.

(C:\MiKTeX\tex\latex\base\omscmr.fd
File: omscmr.fd 1999/05/25 v2.5h Standard LaTeX font definitions
)
LaTeX Font Info:    Font shape `OMS/cmr/m/n' in size <10> not available
(Font)              Font shape `OMS/cmsy/m/n' tried instead on input line 630.
 [15

]

Package natbib Warning: Citation `minnema1998' on page 16 undefined on input li
ne 675.

[16]

Package hyperref Warning: Token not allowed in a PDF string (PDFDocEncoding):
(hyperref)                removing `\Acrlong' on input line 696.


Package hyperref Warning: Token not allowed in a PDF string (PDFDocEncoding):
(hyperref)                removing `\glstext' on input line 697.


Package hyperref Warning: Token not allowed in a PDF string (PDFDocEncoding):
(hyperref)                removing `\glstext' on input line 699.

[17]
Underfull \hbox (badness 10000) in paragraph at lines 725--727

 []


Underfull \hbox (badness 10000) in paragraph at lines 728--729

 []


Underfull \hbox (badness 10000) in paragraph at lines 730--731

 []


Underfull \hbox (badness 10000) in paragraph at lines 733--734

 []


Underfull \hbox (badness 10000) in paragraph at lines 735--736

 []


Underfull \hbox (badness 10000) in paragraph at lines 737--738

 []


Underfull \hbox (badness 10000) in paragraph at lines 739--740

 []


Underfull \hbox (badness 10000) in paragraph at lines 741--742

 []


Underfull \hbox (badness 10000) in paragraph at lines 743--744

 []


Underfull \hbox (badness 10000) in paragraph at lines 745--746

 []


Underfull \hbox (badness 10000) in paragraph at lines 747--749

 []


Underfull \hbox (badness 10000) in paragraph at lines 750--751

 []


Underfull \hbox (badness 10000) in paragraph at lines 758--759

 []

[18]
Underfull \hbox (badness 10000) in paragraph at lines 760--767

 []


Underfull \hbox (badness 10000) in paragraph at lines 768--769

 []


Underfull \hbox (badness 10000) in paragraph at lines 770--771

 []


(C:\Dev\NREL_SVN\WT_Perf\branches\v4.x\Source\dependencies\UnsteadyAero\DynStal
l.bbl [19]

Package natbib Warning: Empty `thebibliography' environment on input line 8.

)

Package natbib Warning: There were undefined citations.

Package atveryend Info: Empty hook `BeforeClearDocument' on input line 778.
[20

]
Package atveryend Info: Empty hook `AfterLastShipout' on input line 778.

(C:\Dev\NREL_SVN\WT_Perf\branches\v4.x\Source\dependencies\UnsteadyAero\DynStal
l.aux)
Package atveryend Info: Executing hook `AtVeryEndDocument' on input line 778.
Package atveryend Info: Executing hook `AtEndAfterFileList' on input line 778.
Package rerunfilecheck Info: File `DynStall.out' has not changed.
(rerunfilecheck)             Checksum: 84AA035823A579C32139ADA09449793A;1254.
 ) 
Here is how much of TeX's memory you used:
 14893 strings out of 493921
 214607 string characters out of 3154494
 347602 words of memory out of 3000000
 17868 multiletter control sequences out of 15000+200000
 12715 words of font info for 49 fonts, out of 3000000 for 9000
 841 hyphenation exceptions out of 8191
 46i,12n,34p,2199b,511s stack positions out of 5000i,500n,10000p,200000b,50000s
<C:/MiKTeX/fonts/type1/public/amsfonts/cm/cmbx10.pfb><C:/MiKTeX/fonts/type1/p
ublic/amsfonts/cm/cmbx12.pfb><C:/MiKTeX/fonts/type1/public/amsfonts/cm/cmex10.p
fb><C:/MiKTeX/fonts/type1/public/amsfonts/cm/cmmi10.pfb><C:/MiKTeX/fonts/type1/
public/amsfonts/cm/cmmi5.pfb><C:/MiKTeX/fonts/type1/public/amsfonts/cm/cmmi7.pf
b><C:/MiKTeX/fonts/type1/public/amsfonts/cm/cmr10.pfb><C:/MiKTeX/fonts/type1/pu
blic/amsfonts/cm/cmr12.pfb><C:/MiKTeX/fonts/type1/public/amsfonts/cm/cmr17.pfb>
<C:/MiKTeX/fonts/type1/public/amsfonts/cm/cmr5.pfb><C:/MiKTeX/fonts/type1/publi
c/amsfonts/cm/cmr7.pfb><C:/MiKTeX/fonts/type1/public/amsfonts/cm/cmsy10.pfb><C:
/MiKTeX/fonts/type1/public/amsfonts/cm/cmsy5.pfb><C:/MiKTeX/fonts/type1/public/
amsfonts/cm/cmsy7.pfb>
Output written on DynStall.pdf (21 pages, 254365 bytes).
PDF statistics:
 364 PDF objects out of 1000 (max. 8388607)
 114 named destinations out of 1000 (max. 500000)
 153 words of extra memory for PDF output out of 10000 (max. 10000000)

